<?xml version="1.0" encoding="UTF-8"?>
<!-- Generated by org.testng.reporters.JUnitReportReporter -->
<testsuite hostname="SWETA" failures="0" tests="7" name="parallel.ParallelRun" time="338.404" errors="0" timestamp="2025-04-17T17:28:07 IST" skipped="1">
  <testcase classname="parallel.ParallelRun" name="runScenario" time="67.619"/>
  <testcase classname="parallel.ParallelRun" name="runScenario" time="47.328"/>
  <testcase classname="parallel.ParallelRun" name="runScenario" time="47.094"/>
  <testcase classname="parallel.ParallelRun" name="runScenario" time="44.968"/>
  <testcase classname="parallel.ParallelRun" name="runScenario" time="14.851">
    <skipped/>
  </testcase> <!-- runScenario -->
  <testcase classname="parallel.ParallelRun" name="runScenario" time="53.205"/>
  <testcase classname="parallel.ParallelRun" name="runScenario" time="63.339"/>
</testsuite> <!-- parallel.ParallelRun -->
